<?xml version="1.0" encoding="UTF-8"?>
<!-- Generated by org.testng.reporters.JUnitReportReporter -->
<testsuite hostname="DESKTOP-HD3NQA2" failures="0" tests="5" name="testcaseA.tc" time="58.150" errors="0" timestamp="2023-09-06T11:05:12 IST" skipped="0">
  <testcase classname="testcaseA.tc" name="verifyMouseOvering" time="10.168"/>
  <system-out/>
  <testcase classname="testcaseA.tc" name="verifyLoginWithValidCredential" time="11.636"/>
  <system-out/>
  <testcase classname="testcaseA.tc" name="verifysearch" time="12.121"/>
  <system-out/>
  <testcase classname="testcaseA.tc" name="dropdown" time="12.364"/>
  <system-out/>
  <testcase classname="testcaseA.tc" name="searchbox" time="11.861"/>
  <system-out/>
</testsuite> <!-- testcaseA.tc -->
